<?xml version="1.0" encoding="UTF-8"?>
<robot generator="Robot 3.2.2 (Python 3.9.1 on win32)" generated="20210303 00:17:36.487" rpa="false">
<suite id="s1" name="Open" source="C:\Users\User\Documents\SoftEngineering\Lab3_613020634_4_sec03\Test\Open.robot">
<test id="s1-t1" name="GO TO Home.html">
<kw name="OPEN Home.html">
<kw name="Open Browser" library="SeleniumLibrary">
<doc>Opens a new browser instance to the optional ``url``.</doc>
<arguments>
<arg>${HOMEPAGE}</arg>
<arg>${BROWSER}</arg>
</arguments>
<msg timestamp="20210303 00:17:36.752" level="INFO">Opening browser 'chrome' to base url 'http://localhost:7272/Home.html'.</msg>
<status status="PASS" starttime="20210303 00:17:36.752" endtime="20210303 00:17:39.129"></status>
</kw>
<status status="PASS" starttime="20210303 00:17:36.752" endtime="20210303 00:17:39.130"></status>
</kw>
<status status="PASS" starttime="20210303 00:17:36.752" endtime="20210303 00:17:39.131" critical="yes"></status>
</test>
<status status="PASS" starttime="20210303 00:17:36.487" endtime="20210303 00:17:39.135"></status>
</suite>
<statistics>
<total>
<stat pass="1" fail="0">Critical Tests</stat>
<stat pass="1" fail="0">All Tests</stat>
</total>
<tag>
</tag>
<suite>
<stat pass="1" fail="0" id="s1" name="Open">Open</stat>
</suite>
</statistics>
<errors>
</errors>
</robot>
